{"C:\\Users\\Vishal Kumar\\Desktop\\CRM_APPLICATION\\Models\\user.model.js": {"path":"C:\\Users\\Vishal Kumar\\Desktop\\CRM_APPLICATION\\Models\\user.model.js","statementMap":{"0":{"start":{"line":1,"column":17},"end":{"line":1,"column":36}},"1":{"start":{"line":2,"column":19},"end":{"line":55,"column":2}},"2":{"start":{"line":27,"column":12},"end":{"line":27,"column":30}},"3":{"start":{"line":33,"column":12},"end":{"line":33,"column":30}},"4":{"start":{"line":57,"column":23},"end":{"line":57,"column":60}},"5":{"start":{"line":58,"column":0},"end":{"line":58,"column":32}}},"fnMap":{"0":{"name":"(anonymous_0)","decl":{"start":{"line":26,"column":16},"end":{"line":26,"column":17}},"loc":{"start":{"line":26,"column":20},"end":{"line":28,"column":9}},"line":26},"1":{"name":"(anonymous_1)","decl":{"start":{"line":32,"column":16},"end":{"line":32,"column":17}},"loc":{"start":{"line":32,"column":20},"end":{"line":34,"column":9}},"line":32}},"branchMap":{},"s":{"0":1,"1":1,"2":1,"3":1,"4":1,"5":1},"f":{"0":1,"1":1},"b":{},"_coverageSchema":"1a1c01bbd47fc00a2c39e90264f33305004495a9","hash":"3bb59fe17934602b1bab84eb15380b04f5dcb764"}
,"C:\\Users\\Vishal Kumar\\Desktop\\CRM_APPLICATION\\config\\auth.config.js": {"path":"C:\\Users\\Vishal Kumar\\Desktop\\CRM_APPLICATION\\config\\auth.config.js","statementMap":{"0":{"start":{"line":1,"column":0},"end":{"line":1,"column":47}}},"fnMap":{},"branchMap":{},"s":{"0":1},"f":{},"b":{},"_coverageSchema":"1a1c01bbd47fc00a2c39e90264f33305004495a9","hash":"36c144b84be99101bf9dfaf98db850273e3dd356"}
,"C:\\Users\\Vishal Kumar\\Desktop\\CRM_APPLICATION\\constant\\constant.js": {"path":"C:\\Users\\Vishal Kumar\\Desktop\\CRM_APPLICATION\\constant\\constant.js","statementMap":{"0":{"start":{"line":1,"column":0},"end":{"line":8,"column":1}},"1":{"start":{"line":9,"column":0},"end":{"line":16,"column":1}},"2":{"start":{"line":17,"column":0},"end":{"line":26,"column":1}},"3":{"start":{"line":27,"column":0},"end":{"line":27,"column":55}}},"fnMap":{},"branchMap":{},"s":{"0":1,"1":1,"2":1,"3":1},"f":{},"b":{},"_coverageSchema":"1a1c01bbd47fc00a2c39e90264f33305004495a9","hash":"6b7dcc220c996b6fe057be63a7d2096c90292b2d"}
,"C:\\Users\\Vishal Kumar\\Desktop\\CRM_APPLICATION\\controllers\\auth.controller.js": {"path":"C:\\Users\\Vishal Kumar\\Desktop\\CRM_APPLICATION\\controllers\\auth.controller.js","statementMap":{"0":{"start":{"line":1,"column":15},"end":{"line":1,"column":32}},"1":{"start":{"line":2,"column":18},"end":{"line":2,"column":49}},"2":{"start":{"line":3,"column":15},"end":{"line":3,"column":47}},"3":{"start":{"line":4,"column":12},"end":{"line":4,"column":35}},"4":{"start":{"line":5,"column":22},"end":{"line":5,"column":71}},"5":{"start":{"line":6,"column":25},"end":{"line":6,"column":56}},"6":{"start":{"line":7,"column":0},"end":{"line":46,"column":1}},"7":{"start":{"line":8,"column":17},"end":{"line":8,"column":25}},"8":{"start":{"line":10,"column":21},"end":{"line":10,"column":34}},"9":{"start":{"line":11,"column":4},"end":{"line":15,"column":5}},"10":{"start":{"line":12,"column":8},"end":{"line":12,"column":32}},"11":{"start":{"line":14,"column":8},"end":{"line":14,"column":31}},"12":{"start":{"line":16,"column":20},"end":{"line":23,"column":5}},"13":{"start":{"line":24,"column":4},"end":{"line":45,"column":5}},"14":{"start":{"line":25,"column":29},"end":{"line":25,"column":60}},"15":{"start":{"line":26,"column":28},"end":{"line":34,"column":9}},"16":{"start":{"line":35,"column":8},"end":{"line":39,"column":11}},"17":{"start":{"line":41,"column":8},"end":{"line":41,"column":33}},"18":{"start":{"line":42,"column":8},"end":{"line":44,"column":10}},"19":{"start":{"line":48,"column":0},"end":{"line":91,"column":1}},"20":{"start":{"line":50,"column":17},"end":{"line":50,"column":25}},"21":{"start":{"line":51,"column":19},"end":{"line":51,"column":30}},"22":{"start":{"line":52,"column":21},"end":{"line":52,"column":34}},"23":{"start":{"line":53,"column":4},"end":{"line":90,"column":5}},"24":{"start":{"line":54,"column":21},"end":{"line":56,"column":10}},"25":{"start":{"line":57,"column":8},"end":{"line":61,"column":9}},"26":{"start":{"line":58,"column":12},"end":{"line":60,"column":15}},"27":{"start":{"line":62,"column":30},"end":{"line":62,"column":78}},"28":{"start":{"line":63,"column":8},"end":{"line":67,"column":9}},"29":{"start":{"line":64,"column":13},"end":{"line":66,"column":14}},"30":{"start":{"line":68,"column":8},"end":{"line":73,"column":9}},"31":{"start":{"line":69,"column":12},"end":{"line":72,"column":15}},"32":{"start":{"line":74,"column":21},"end":{"line":76,"column":9}},"33":{"start":{"line":77,"column":8},"end":{"line":84,"column":11}},"34":{"start":{"line":86,"column":8},"end":{"line":86,"column":32}},"35":{"start":{"line":87,"column":7},"end":{"line":89,"column":11}},"36":{"start":{"line":93,"column":0},"end":{"line":112,"column":1}},"37":{"start":{"line":94,"column":4},"end":{"line":111,"column":5}},"38":{"start":{"line":95,"column":28},"end":{"line":95,"column":57}},"39":{"start":{"line":96,"column":15},"end":{"line":103,"column":16}},"40":{"start":{"line":97,"column":17},"end":{"line":101,"column":19}},"41":{"start":{"line":102,"column":16},"end":{"line":102,"column":23}},"42":{"start":{"line":105,"column":8},"end":{"line":105,"column":33}},"43":{"start":{"line":106,"column":9},"end":{"line":109,"column":10}},"44":{"start":{"line":110,"column":8},"end":{"line":110,"column":15}},"45":{"start":{"line":115,"column":0},"end":{"line":143,"column":1}},"46":{"start":{"line":116,"column":4},"end":{"line":142,"column":5}},"47":{"start":{"line":117,"column":25},"end":{"line":117,"column":69}},"48":{"start":{"line":118,"column":13},"end":{"line":120,"column":11}},"49":{"start":{"line":119,"column":16},"end":{"line":119,"column":44}},"50":{"start":{"line":121,"column":11},"end":{"line":123,"column":11}},"51":{"start":{"line":122,"column":17},"end":{"line":122,"column":78}},"52":{"start":{"line":124,"column":10},"end":{"line":129,"column":12}},"53":{"start":{"line":125,"column":15},"end":{"line":128,"column":18}},"54":{"start":{"line":130,"column":11},"end":{"line":130,"column":28}},"55":{"start":{"line":131,"column":13},"end":{"line":135,"column":15}},"56":{"start":{"line":137,"column":8},"end":{"line":137,"column":33}},"57":{"start":{"line":138,"column":8},"end":{"line":141,"column":10}}},"fnMap":{"0":{"name":"(anonymous_0)","decl":{"start":{"line":7,"column":17},"end":{"line":7,"column":18}},"loc":{"start":{"line":7,"column":37},"end":{"line":46,"column":1}},"line":7},"1":{"name":"(anonymous_1)","decl":{"start":{"line":48,"column":17},"end":{"line":48,"column":18}},"loc":{"start":{"line":48,"column":37},"end":{"line":91,"column":1}},"line":48},"2":{"name":"(anonymous_2)","decl":{"start":{"line":93,"column":21},"end":{"line":93,"column":22}},"loc":{"start":{"line":93,"column":38},"end":{"line":112,"column":1}},"line":93},"3":{"name":"(anonymous_3)","decl":{"start":{"line":115,"column":21},"end":{"line":115,"column":22}},"loc":{"start":{"line":115,"column":37},"end":{"line":143,"column":1}},"line":115}},"branchMap":{"0":{"loc":{"start":{"line":11,"column":4},"end":{"line":15,"column":5}},"type":"if","locations":[{"start":{"line":11,"column":4},"end":{"line":15,"column":5}},{"start":{"line":13,"column":11},"end":{"line":15,"column":5}}],"line":11},"1":{"loc":{"start":{"line":57,"column":8},"end":{"line":61,"column":9}},"type":"if","locations":[{"start":{"line":57,"column":8},"end":{"line":61,"column":9}},{"start":{},"end":{}}],"line":57},"2":{"loc":{"start":{"line":63,"column":8},"end":{"line":67,"column":9}},"type":"if","locations":[{"start":{"line":63,"column":8},"end":{"line":67,"column":9}},{"start":{},"end":{}}],"line":63},"3":{"loc":{"start":{"line":68,"column":8},"end":{"line":73,"column":9}},"type":"if","locations":[{"start":{"line":68,"column":8},"end":{"line":73,"column":9}},{"start":{},"end":{}}],"line":68},"4":{"loc":{"start":{"line":96,"column":15},"end":{"line":103,"column":16}},"type":"if","locations":[{"start":{"line":96,"column":15},"end":{"line":103,"column":16}},{"start":{},"end":{}}],"line":96},"5":{"loc":{"start":{"line":118,"column":13},"end":{"line":120,"column":11}},"type":"if","locations":[{"start":{"line":118,"column":13},"end":{"line":120,"column":11}},{"start":{},"end":{}}],"line":118},"6":{"loc":{"start":{"line":121,"column":11},"end":{"line":123,"column":11}},"type":"if","locations":[{"start":{"line":121,"column":11},"end":{"line":123,"column":11}},{"start":{},"end":{}}],"line":121},"7":{"loc":{"start":{"line":124,"column":10},"end":{"line":129,"column":12}},"type":"if","locations":[{"start":{"line":124,"column":10},"end":{"line":129,"column":12}},{"start":{},"end":{}}],"line":124},"8":{"loc":{"start":{"line":124,"column":13},"end":{"line":124,"column":50}},"type":"binary-expr","locations":[{"start":{"line":124,"column":13},"end":{"line":124,"column":28}},{"start":{"line":124,"column":32},"end":{"line":124,"column":50}}],"line":124}},"s":{"0":1,"1":1,"2":1,"3":1,"4":1,"5":1,"6":1,"7":1,"8":1,"9":1,"10":1,"11":0,"12":1,"13":1,"14":1,"15":1,"16":1,"17":0,"18":0,"19":1,"20":0,"21":0,"22":0,"23":0,"24":0,"25":0,"26":0,"27":0,"28":0,"29":0,"30":0,"31":0,"32":0,"33":0,"34":0,"35":0,"36":1,"37":0,"38":0,"39":0,"40":0,"41":0,"42":0,"43":0,"44":0,"45":1,"46":0,"47":0,"48":0,"49":0,"50":0,"51":0,"52":0,"53":0,"54":0,"55":0,"56":0,"57":0},"f":{"0":1,"1":0,"2":0,"3":0},"b":{"0":[1,0],"1":[0,0],"2":[0,0],"3":[0,0],"4":[0,0],"5":[0,0],"6":[0,0],"7":[0,0],"8":[0,0]},"_coverageSchema":"1a1c01bbd47fc00a2c39e90264f33305004495a9","hash":"215d7062edb22514eb63155d6fd8fd77312f15ae"}
,"C:\\Users\\Vishal Kumar\\Desktop\\CRM_APPLICATION\\objectConverter\\userObjectConverter.js": {"path":"C:\\Users\\Vishal Kumar\\Desktop\\CRM_APPLICATION\\objectConverter\\userObjectConverter.js","statementMap":{"0":{"start":{"line":1,"column":0},"end":{"line":11,"column":1}},"1":{"start":{"line":2,"column":17},"end":{"line":9,"column":5}},"2":{"start":{"line":10,"column":0},"end":{"line":10,"column":12}}},"fnMap":{"0":{"name":"(anonymous_0)","decl":{"start":{"line":1,"column":27},"end":{"line":1,"column":28}},"loc":{"start":{"line":1,"column":38},"end":{"line":11,"column":1}},"line":1}},"branchMap":{},"s":{"0":1,"1":0,"2":0},"f":{"0":0},"b":{},"_coverageSchema":"1a1c01bbd47fc00a2c39e90264f33305004495a9","hash":"0366223b0fc67d8365feda6a1382a8445222be62"}
,"C:\\Users\\Vishal Kumar\\Desktop\\CRM_APPLICATION\\test\\db.js": {"path":"C:\\Users\\Vishal Kumar\\Desktop\\CRM_APPLICATION\\test\\db.js","statementMap":{"0":{"start":{"line":1,"column":30},"end":{"line":1,"column":62}},"1":{"start":{"line":2,"column":17},"end":{"line":2,"column":36}},"2":{"start":{"line":4,"column":0},"end":{"line":11,"column":1}},"3":{"start":{"line":5,"column":4},"end":{"line":9,"column":5}},"4":{"start":{"line":6,"column":8},"end":{"line":6,"column":49}},"5":{"start":{"line":7,"column":20},"end":{"line":7,"column":35}},"6":{"start":{"line":8,"column":8},"end":{"line":8,"column":30}},"7":{"start":{"line":12,"column":0},"end":{"line":18,"column":1}},"8":{"start":{"line":13,"column":4},"end":{"line":13,"column":45}},"9":{"start":{"line":14,"column":4},"end":{"line":14,"column":38}},"10":{"start":{"line":15,"column":4},"end":{"line":17,"column":5}},"11":{"start":{"line":16,"column":8},"end":{"line":16,"column":27}},"12":{"start":{"line":19,"column":0},"end":{"line":25,"column":1}},"13":{"start":{"line":20,"column":24},"end":{"line":20,"column":55}},"14":{"start":{"line":21,"column":4},"end":{"line":24,"column":5}},"15":{"start":{"line":22,"column":27},"end":{"line":22,"column":43}},"16":{"start":{"line":23,"column":8},"end":{"line":23,"column":31}}},"fnMap":{"0":{"name":"(anonymous_0)","decl":{"start":{"line":4,"column":18},"end":{"line":4,"column":19}},"loc":{"start":{"line":4,"column":28},"end":{"line":11,"column":1}},"line":4},"1":{"name":"(anonymous_1)","decl":{"start":{"line":12,"column":24},"end":{"line":12,"column":25}},"loc":{"start":{"line":12,"column":34},"end":{"line":18,"column":1}},"line":12},"2":{"name":"(anonymous_2)","decl":{"start":{"line":19,"column":24},"end":{"line":19,"column":25}},"loc":{"start":{"line":19,"column":34},"end":{"line":25,"column":1}},"line":19}},"branchMap":{"0":{"loc":{"start":{"line":5,"column":4},"end":{"line":9,"column":5}},"type":"if","locations":[{"start":{"line":5,"column":4},"end":{"line":9,"column":5}},{"start":{},"end":{}}],"line":5},"1":{"loc":{"start":{"line":15,"column":4},"end":{"line":17,"column":5}},"type":"if","locations":[{"start":{"line":15,"column":4},"end":{"line":17,"column":5}},{"start":{},"end":{}}],"line":15}},"s":{"0":1,"1":1,"2":1,"3":1,"4":1,"5":1,"6":1,"7":1,"8":1,"9":1,"10":1,"11":1,"12":1,"13":1,"14":1,"15":1,"16":1},"f":{"0":1,"1":1,"2":1},"b":{"0":[1,0],"1":[1,0]},"_coverageSchema":"1a1c01bbd47fc00a2c39e90264f33305004495a9","hash":"c3f57f7af64d561cd66d5e11139b52b349a7e868"}
,"C:\\Users\\Vishal Kumar\\Desktop\\CRM_APPLICATION\\test\\interceptor.js": {"path":"C:\\Users\\Vishal Kumar\\Desktop\\CRM_APPLICATION\\test\\interceptor.js","statementMap":{"0":{"start":{"line":1,"column":0},"end":{"line":7,"column":1}},"1":{"start":{"line":2,"column":16},"end":{"line":2,"column":18}},"2":{"start":{"line":3,"column":4},"end":{"line":3,"column":46}},"3":{"start":{"line":4,"column":4},"end":{"line":4,"column":48}},"4":{"start":{"line":5,"column":4},"end":{"line":5,"column":47}},"5":{"start":{"line":6,"column":4},"end":{"line":6,"column":15}},"6":{"start":{"line":9,"column":0},"end":{"line":15,"column":1}},"7":{"start":{"line":10,"column":16},"end":{"line":10,"column":18}},"8":{"start":{"line":11,"column":4},"end":{"line":11,"column":46}},"9":{"start":{"line":12,"column":4},"end":{"line":12,"column":48}},"10":{"start":{"line":13,"column":4},"end":{"line":13,"column":45}},"11":{"start":{"line":14,"column":4},"end":{"line":14,"column":16}}},"fnMap":{"0":{"name":"(anonymous_0)","decl":{"start":{"line":1,"column":25},"end":{"line":1,"column":26}},"loc":{"start":{"line":1,"column":29},"end":{"line":7,"column":1}},"line":1},"1":{"name":"(anonymous_1)","decl":{"start":{"line":9,"column":25},"end":{"line":9,"column":26}},"loc":{"start":{"line":9,"column":29},"end":{"line":15,"column":1}},"line":9}},"branchMap":{},"s":{"0":1,"1":1,"2":1,"3":1,"4":1,"5":1,"6":1,"7":1,"8":1,"9":1,"10":1,"11":1},"f":{"0":1,"1":1},"b":{},"_coverageSchema":"1a1c01bbd47fc00a2c39e90264f33305004495a9","hash":"d46f1fa585fef7c9847765a7c4477cf42871d60e"}
}
