{"C:\\Users\\Vishal Kumar\\Desktop\\CRM_APPLICATION\\index.js": {"path":"C:\\Users\\Vishal Kumar\\Desktop\\CRM_APPLICATION\\index.js","statementMap":{"0":{"start":{"line":1,"column":0},"end":{"line":1,"column":27}},"1":{"start":{"line":2,"column":16},"end":{"line":2,"column":34}},"2":{"start":{"line":3,"column":19},"end":{"line":3,"column":41}},"3":{"start":{"line":4,"column":12},"end":{"line":4,"column":21}},"4":{"start":{"line":5,"column":15},"end":{"line":5,"column":44}},"5":{"start":{"line":6,"column":0},"end":{"line":6,"column":23}},"6":{"start":{"line":7,"column":0},"end":{"line":7,"column":49}},"7":{"start":{"line":8,"column":0},"end":{"line":10,"column":2}},"8":{"start":{"line":9,"column":4},"end":{"line":9,"column":97}},"9":{"start":{"line":11,"column":0},"end":{"line":11,"column":27}},"10":{"start":{"line":12,"column":0},"end":{"line":12,"column":21}}},"fnMap":{"0":{"name":"(anonymous_0)","decl":{"start":{"line":8,"column":12},"end":{"line":8,"column":13}},"loc":{"start":{"line":8,"column":23},"end":{"line":10,"column":1}},"line":8}},"branchMap":{},"s":{"0":1,"1":1,"2":1,"3":1,"4":1,"5":1,"6":1,"7":1,"8":0,"9":1,"10":1},"f":{"0":0},"b":{},"_coverageSchema":"1a1c01bbd47fc00a2c39e90264f33305004495a9","hash":"16d3bb221d2acbb776c4d686f0eda2371870a848"}
,"C:\\Users\\Vishal Kumar\\Desktop\\CRM_APPLICATION\\server.js": {"path":"C:\\Users\\Vishal Kumar\\Desktop\\CRM_APPLICATION\\server.js","statementMap":{"0":{"start":{"line":1,"column":12},"end":{"line":1,"column":30}},"1":{"start":{"line":2,"column":21},"end":{"line":2,"column":54}},"2":{"start":{"line":3,"column":17},"end":{"line":3,"column":46}},"3":{"start":{"line":4,"column":17},"end":{"line":4,"column":36}},"4":{"start":{"line":5,"column":0},"end":{"line":5,"column":56}},"5":{"start":{"line":20,"column":1},"end":{"line":20,"column":52}},"6":{"start":{"line":21,"column":12},"end":{"line":21,"column":31}},"7":{"start":{"line":22,"column":1},"end":{"line":24,"column":3}},"8":{"start":{"line":23,"column":6},"end":{"line":23,"column":50}},"9":{"start":{"line":25,"column":1},"end":{"line":27,"column":3}},"10":{"start":{"line":26,"column":4},"end":{"line":26,"column":61}},"11":{"start":{"line":28,"column":0},"end":{"line":30,"column":3}},"12":{"start":{"line":29,"column":16},"end":{"line":29,"column":98}}},"fnMap":{"0":{"name":"(anonymous_0)","decl":{"start":{"line":22,"column":15},"end":{"line":22,"column":16}},"loc":{"start":{"line":22,"column":19},"end":{"line":24,"column":2}},"line":22},"1":{"name":"(anonymous_1)","decl":{"start":{"line":25,"column":16},"end":{"line":25,"column":17}},"loc":{"start":{"line":25,"column":20},"end":{"line":27,"column":2}},"line":25},"2":{"name":"(anonymous_2)","decl":{"start":{"line":28,"column":47},"end":{"line":28,"column":48}},"loc":{"start":{"line":28,"column":51},"end":{"line":30,"column":1}},"line":28}},"branchMap":{},"s":{"0":1,"1":1,"2":1,"3":1,"4":1,"5":1,"6":1,"7":1,"8":0,"9":1,"10":1,"11":1,"12":1},"f":{"0":0,"1":1,"2":1},"b":{},"_coverageSchema":"1a1c01bbd47fc00a2c39e90264f33305004495a9","hash":"cbfba030827be00f874f185d0d9abbb007d189ab"}
,"C:\\Users\\Vishal Kumar\\Desktop\\CRM_APPLICATION\\Models\\notification.model.js": {"path":"C:\\Users\\Vishal Kumar\\Desktop\\CRM_APPLICATION\\Models\\notification.model.js","statementMap":{"0":{"start":{"line":1,"column":17},"end":{"line":1,"column":36}},"1":{"start":{"line":2,"column":27},"end":{"line":40,"column":2}},"2":{"start":{"line":27,"column":12},"end":{"line":27,"column":30}},"3":{"start":{"line":33,"column":16},"end":{"line":33,"column":34}},"4":{"start":{"line":42,"column":0},"end":{"line":42,"column":66}}},"fnMap":{"0":{"name":"(anonymous_0)","decl":{"start":{"line":26,"column":18},"end":{"line":26,"column":19}},"loc":{"start":{"line":26,"column":22},"end":{"line":28,"column":9}},"line":26},"1":{"name":"(anonymous_1)","decl":{"start":{"line":32,"column":22},"end":{"line":32,"column":23}},"loc":{"start":{"line":32,"column":26},"end":{"line":34,"column":13}},"line":32}},"branchMap":{},"s":{"0":1,"1":1,"2":0,"3":0,"4":1},"f":{"0":0,"1":0},"b":{},"_coverageSchema":"1a1c01bbd47fc00a2c39e90264f33305004495a9","hash":"610a4090bb9708a4860bdcdf1798946e4133952c"}
,"C:\\Users\\Vishal Kumar\\Desktop\\CRM_APPLICATION\\Models\\ticket.model.js": {"path":"C:\\Users\\Vishal Kumar\\Desktop\\CRM_APPLICATION\\Models\\ticket.model.js","statementMap":{"0":{"start":{"line":1,"column":16},"end":{"line":1,"column":35}},"1":{"start":{"line":2,"column":21},"end":{"line":38,"column":2}},"2":{"start":{"line":28,"column":12},"end":{"line":28,"column":30}},"3":{"start":{"line":34,"column":12},"end":{"line":34,"column":30}},"4":{"start":{"line":39,"column":19},"end":{"line":39,"column":56}},"5":{"start":{"line":40,"column":0},"end":{"line":40,"column":27}}},"fnMap":{"0":{"name":"(anonymous_0)","decl":{"start":{"line":27,"column":16},"end":{"line":27,"column":17}},"loc":{"start":{"line":27,"column":20},"end":{"line":29,"column":9}},"line":27},"1":{"name":"(anonymous_1)","decl":{"start":{"line":33,"column":16},"end":{"line":33,"column":17}},"loc":{"start":{"line":33,"column":20},"end":{"line":35,"column":9}},"line":33}},"branchMap":{},"s":{"0":4,"1":4,"2":0,"3":3,"4":4,"5":4},"f":{"0":0,"1":3},"b":{},"_coverageSchema":"1a1c01bbd47fc00a2c39e90264f33305004495a9","hash":"24d72efc45103a7793b4905e0a43e8b2f0d2df35"}
,"C:\\Users\\Vishal Kumar\\Desktop\\CRM_APPLICATION\\Models\\user.model.js": {"path":"C:\\Users\\Vishal Kumar\\Desktop\\CRM_APPLICATION\\Models\\user.model.js","statementMap":{"0":{"start":{"line":1,"column":17},"end":{"line":1,"column":36}},"1":{"start":{"line":2,"column":19},"end":{"line":55,"column":2}},"2":{"start":{"line":27,"column":12},"end":{"line":27,"column":30}},"3":{"start":{"line":33,"column":12},"end":{"line":33,"column":30}},"4":{"start":{"line":57,"column":23},"end":{"line":57,"column":60}},"5":{"start":{"line":58,"column":0},"end":{"line":58,"column":32}}},"fnMap":{"0":{"name":"(anonymous_0)","decl":{"start":{"line":26,"column":16},"end":{"line":26,"column":17}},"loc":{"start":{"line":26,"column":20},"end":{"line":28,"column":9}},"line":26},"1":{"name":"(anonymous_1)","decl":{"start":{"line":32,"column":16},"end":{"line":32,"column":17}},"loc":{"start":{"line":32,"column":20},"end":{"line":34,"column":9}},"line":32}},"branchMap":{},"s":{"0":7,"1":7,"2":3,"3":3,"4":7,"5":7},"f":{"0":3,"1":3},"b":{},"_coverageSchema":"1a1c01bbd47fc00a2c39e90264f33305004495a9","hash":"3bb59fe17934602b1bab84eb15380b04f5dcb764"}
,"C:\\Users\\Vishal Kumar\\Desktop\\CRM_APPLICATION\\config\\auth.config.js": {"path":"C:\\Users\\Vishal Kumar\\Desktop\\CRM_APPLICATION\\config\\auth.config.js","statementMap":{"0":{"start":{"line":1,"column":0},"end":{"line":1,"column":47}}},"fnMap":{},"branchMap":{},"s":{"0":4},"f":{},"b":{},"_coverageSchema":"1a1c01bbd47fc00a2c39e90264f33305004495a9","hash":"36c144b84be99101bf9dfaf98db850273e3dd356"}
,"C:\\Users\\Vishal Kumar\\Desktop\\CRM_APPLICATION\\config\\db.config.js": {"path":"C:\\Users\\Vishal Kumar\\Desktop\\CRM_APPLICATION\\config\\db.config.js","statementMap":{"0":{"start":{"line":1,"column":0},"end":{"line":4,"column":1}}},"fnMap":{},"branchMap":{"0":{"loc":{"start":{"line":3,"column":19},"end":{"line":3,"column":72}},"type":"binary-expr","locations":[{"start":{"line":3,"column":19},"end":{"line":3,"column":40}},{"start":{"line":3,"column":44},"end":{"line":3,"column":72}}],"line":3}},"s":{"0":1},"f":{},"b":{"0":[1,0]},"_coverageSchema":"1a1c01bbd47fc00a2c39e90264f33305004495a9","hash":"548d5fff49d49cd20901ae3e43ff97077d75ed9d"}
,"C:\\Users\\Vishal Kumar\\Desktop\\CRM_APPLICATION\\config\\server.config.js": {"path":"C:\\Users\\Vishal Kumar\\Desktop\\CRM_APPLICATION\\config\\server.config.js","statementMap":{"0":{"start":{"line":1,"column":0},"end":{"line":3,"column":1}},"1":{"start":{"line":2,"column":4},"end":{"line":2,"column":30}},"2":{"start":{"line":4,"column":0},"end":{"line":6,"column":1}}},"fnMap":{},"branchMap":{"0":{"loc":{"start":{"line":1,"column":0},"end":{"line":3,"column":1}},"type":"if","locations":[{"start":{"line":1,"column":0},"end":{"line":3,"column":1}},{"start":{},"end":{}}],"line":1}},"s":{"0":1,"1":1,"2":1},"f":{},"b":{"0":[1,0]},"_coverageSchema":"1a1c01bbd47fc00a2c39e90264f33305004495a9","hash":"0f43d4e6ba700e56ae9ad5e72f246058125355fb"}
,"C:\\Users\\Vishal Kumar\\Desktop\\CRM_APPLICATION\\constant\\constant.js": {"path":"C:\\Users\\Vishal Kumar\\Desktop\\CRM_APPLICATION\\constant\\constant.js","statementMap":{"0":{"start":{"line":1,"column":0},"end":{"line":8,"column":1}},"1":{"start":{"line":9,"column":0},"end":{"line":16,"column":1}},"2":{"start":{"line":17,"column":0},"end":{"line":26,"column":1}},"3":{"start":{"line":27,"column":0},"end":{"line":27,"column":55}}},"fnMap":{},"branchMap":{},"s":{"0":7,"1":7,"2":7,"3":7},"f":{},"b":{},"_coverageSchema":"1a1c01bbd47fc00a2c39e90264f33305004495a9","hash":"6b7dcc220c996b6fe057be63a7d2096c90292b2d"}
,"C:\\Users\\Vishal Kumar\\Desktop\\CRM_APPLICATION\\controllers\\auth.controller.js": {"path":"C:\\Users\\Vishal Kumar\\Desktop\\CRM_APPLICATION\\controllers\\auth.controller.js","statementMap":{"0":{"start":{"line":1,"column":15},"end":{"line":1,"column":32}},"1":{"start":{"line":2,"column":18},"end":{"line":2,"column":49}},"2":{"start":{"line":3,"column":15},"end":{"line":3,"column":47}},"3":{"start":{"line":4,"column":12},"end":{"line":4,"column":35}},"4":{"start":{"line":5,"column":22},"end":{"line":5,"column":71}},"5":{"start":{"line":6,"column":25},"end":{"line":6,"column":56}},"6":{"start":{"line":7,"column":0},"end":{"line":46,"column":1}},"7":{"start":{"line":8,"column":17},"end":{"line":8,"column":25}},"8":{"start":{"line":10,"column":21},"end":{"line":10,"column":34}},"9":{"start":{"line":11,"column":4},"end":{"line":15,"column":5}},"10":{"start":{"line":12,"column":8},"end":{"line":12,"column":32}},"11":{"start":{"line":14,"column":8},"end":{"line":14,"column":31}},"12":{"start":{"line":16,"column":20},"end":{"line":23,"column":5}},"13":{"start":{"line":24,"column":4},"end":{"line":45,"column":5}},"14":{"start":{"line":25,"column":29},"end":{"line":25,"column":60}},"15":{"start":{"line":26,"column":28},"end":{"line":34,"column":9}},"16":{"start":{"line":35,"column":8},"end":{"line":38,"column":11}},"17":{"start":{"line":40,"column":8},"end":{"line":40,"column":33}},"18":{"start":{"line":41,"column":8},"end":{"line":44,"column":10}},"19":{"start":{"line":48,"column":0},"end":{"line":89,"column":1}},"20":{"start":{"line":50,"column":17},"end":{"line":50,"column":25}},"21":{"start":{"line":51,"column":19},"end":{"line":51,"column":30}},"22":{"start":{"line":52,"column":21},"end":{"line":52,"column":34}},"23":{"start":{"line":53,"column":4},"end":{"line":88,"column":5}},"24":{"start":{"line":54,"column":21},"end":{"line":56,"column":10}},"25":{"start":{"line":57,"column":30},"end":{"line":57,"column":73}},"26":{"start":{"line":59,"column":8},"end":{"line":64,"column":9}},"27":{"start":{"line":60,"column":13},"end":{"line":63,"column":14}},"28":{"start":{"line":65,"column":8},"end":{"line":70,"column":9}},"29":{"start":{"line":66,"column":12},"end":{"line":69,"column":15}},"30":{"start":{"line":71,"column":21},"end":{"line":73,"column":9}},"31":{"start":{"line":74,"column":8},"end":{"line":81,"column":11}},"32":{"start":{"line":83,"column":8},"end":{"line":83,"column":32}},"33":{"start":{"line":84,"column":7},"end":{"line":87,"column":11}},"34":{"start":{"line":91,"column":0},"end":{"line":103,"column":1}},"35":{"start":{"line":92,"column":4},"end":{"line":102,"column":5}},"36":{"start":{"line":93,"column":29},"end":{"line":93,"column":58}},"37":{"start":{"line":94,"column":17},"end":{"line":94,"column":82}},"38":{"start":{"line":96,"column":8},"end":{"line":96,"column":33}},"39":{"start":{"line":97,"column":9},"end":{"line":100,"column":10}},"40":{"start":{"line":101,"column":8},"end":{"line":101,"column":15}},"41":{"start":{"line":106,"column":0},"end":{"line":135,"column":1}},"42":{"start":{"line":107,"column":4},"end":{"line":134,"column":5}},"43":{"start":{"line":108,"column":25},"end":{"line":108,"column":69}},"44":{"start":{"line":109,"column":13},"end":{"line":111,"column":11}},"45":{"start":{"line":110,"column":16},"end":{"line":110,"column":44}},"46":{"start":{"line":112,"column":11},"end":{"line":114,"column":11}},"47":{"start":{"line":113,"column":17},"end":{"line":113,"column":78}},"48":{"start":{"line":115,"column":10},"end":{"line":120,"column":12}},"49":{"start":{"line":116,"column":15},"end":{"line":119,"column":18}},"50":{"start":{"line":121,"column":11},"end":{"line":121,"column":28}},"51":{"start":{"line":122,"column":13},"end":{"line":126,"column":15}},"52":{"start":{"line":129,"column":8},"end":{"line":129,"column":33}},"53":{"start":{"line":130,"column":8},"end":{"line":133,"column":10}}},"fnMap":{"0":{"name":"(anonymous_0)","decl":{"start":{"line":7,"column":17},"end":{"line":7,"column":18}},"loc":{"start":{"line":7,"column":37},"end":{"line":46,"column":1}},"line":7},"1":{"name":"(anonymous_1)","decl":{"start":{"line":48,"column":17},"end":{"line":48,"column":18}},"loc":{"start":{"line":48,"column":37},"end":{"line":89,"column":1}},"line":48},"2":{"name":"(anonymous_2)","decl":{"start":{"line":91,"column":21},"end":{"line":91,"column":22}},"loc":{"start":{"line":91,"column":38},"end":{"line":103,"column":1}},"line":91},"3":{"name":"(anonymous_3)","decl":{"start":{"line":106,"column":21},"end":{"line":106,"column":22}},"loc":{"start":{"line":106,"column":37},"end":{"line":135,"column":1}},"line":106}},"branchMap":{"0":{"loc":{"start":{"line":11,"column":4},"end":{"line":15,"column":5}},"type":"if","locations":[{"start":{"line":11,"column":4},"end":{"line":15,"column":5}},{"start":{"line":13,"column":11},"end":{"line":15,"column":5}}],"line":11},"1":{"loc":{"start":{"line":59,"column":8},"end":{"line":64,"column":9}},"type":"if","locations":[{"start":{"line":59,"column":8},"end":{"line":64,"column":9}},{"start":{},"end":{}}],"line":59},"2":{"loc":{"start":{"line":65,"column":8},"end":{"line":70,"column":9}},"type":"if","locations":[{"start":{"line":65,"column":8},"end":{"line":70,"column":9}},{"start":{},"end":{}}],"line":65},"3":{"loc":{"start":{"line":109,"column":13},"end":{"line":111,"column":11}},"type":"if","locations":[{"start":{"line":109,"column":13},"end":{"line":111,"column":11}},{"start":{},"end":{}}],"line":109},"4":{"loc":{"start":{"line":112,"column":11},"end":{"line":114,"column":11}},"type":"if","locations":[{"start":{"line":112,"column":11},"end":{"line":114,"column":11}},{"start":{},"end":{}}],"line":112},"5":{"loc":{"start":{"line":115,"column":10},"end":{"line":120,"column":12}},"type":"if","locations":[{"start":{"line":115,"column":10},"end":{"line":120,"column":12}},{"start":{},"end":{}}],"line":115},"6":{"loc":{"start":{"line":115,"column":13},"end":{"line":115,"column":50}},"type":"binary-expr","locations":[{"start":{"line":115,"column":13},"end":{"line":115,"column":28}},{"start":{"line":115,"column":32},"end":{"line":115,"column":50}}],"line":115}},"s":{"0":4,"1":4,"2":4,"3":4,"4":4,"5":4,"6":4,"7":4,"8":4,"9":4,"10":3,"11":1,"12":4,"13":4,"14":4,"15":3,"16":3,"17":1,"18":1,"19":4,"20":5,"21":5,"22":5,"23":5,"24":5,"25":4,"26":4,"27":1,"28":3,"29":1,"30":2,"31":2,"32":1,"33":1,"34":4,"35":2,"36":2,"37":1,"38":1,"39":1,"40":1,"41":4,"42":4,"43":4,"44":3,"45":1,"46":3,"47":1,"48":3,"49":1,"50":2,"51":2,"52":1,"53":1},"f":{"0":4,"1":5,"2":2,"3":4},"b":{"0":[3,1],"1":[1,3],"2":[1,2],"3":[1,2],"4":[1,2],"5":[1,2],"6":[3,2]},"_coverageSchema":"1a1c01bbd47fc00a2c39e90264f33305004495a9","hash":"713299fa18f726c3e14e72fffb7f70869d36e800"}
,"C:\\Users\\Vishal Kumar\\Desktop\\CRM_APPLICATION\\controllers\\notification.controller.js": {"path":"C:\\Users\\Vishal Kumar\\Desktop\\CRM_APPLICATION\\controllers\\notification.controller.js","statementMap":{"0":{"start":{"line":1,"column":21},"end":{"line":1,"column":60}},"1":{"start":{"line":2,"column":0},"end":{"line":25,"column":1}},"2":{"start":{"line":4,"column":28},"end":{"line":10,"column":5}},"3":{"start":{"line":12,"column":4},"end":{"line":24,"column":5}},"4":{"start":{"line":13,"column":37},"end":{"line":13,"column":79}},"5":{"start":{"line":14,"column":16},"end":{"line":18,"column":18}},"6":{"start":{"line":20,"column":8},"end":{"line":23,"column":10}},"7":{"start":{"line":27,"column":0},"end":{"line":42,"column":1}},"8":{"start":{"line":28,"column":4},"end":{"line":28,"column":30}},"9":{"start":{"line":29,"column":8},"end":{"line":41,"column":9}},"10":{"start":{"line":30,"column":40},"end":{"line":32,"column":17}},"11":{"start":{"line":33,"column":15},"end":{"line":35,"column":17}},"12":{"start":{"line":37,"column":12},"end":{"line":40,"column":14}}},"fnMap":{"0":{"name":"(anonymous_0)","decl":{"start":{"line":2,"column":27},"end":{"line":2,"column":28}},"loc":{"start":{"line":2,"column":44},"end":{"line":25,"column":1}},"line":2},"1":{"name":"(anonymous_1)","decl":{"start":{"line":27,"column":26},"end":{"line":27,"column":27}},"loc":{"start":{"line":27,"column":42},"end":{"line":42,"column":1}},"line":27}},"branchMap":{},"s":{"0":1,"1":1,"2":0,"3":0,"4":0,"5":0,"6":0,"7":1,"8":0,"9":0,"10":0,"11":0,"12":0},"f":{"0":0,"1":0},"b":{},"_coverageSchema":"1a1c01bbd47fc00a2c39e90264f33305004495a9","hash":"e80b5ae36262c105c1740d3440d8775b7be307cd"}
,"C:\\Users\\Vishal Kumar\\Desktop\\CRM_APPLICATION\\controllers\\ticket.controller.js": {"path":"C:\\Users\\Vishal Kumar\\Desktop\\CRM_APPLICATION\\controllers\\ticket.controller.js","statementMap":{"0":{"start":{"line":1,"column":20},"end":{"line":1,"column":53}},"1":{"start":{"line":2,"column":13},"end":{"line":2,"column":44}},"2":{"start":{"line":3,"column":21},"end":{"line":3,"column":66}},"3":{"start":{"line":4,"column":17},"end":{"line":4,"column":48}},"4":{"start":{"line":5,"column":19},"end":{"line":5,"column":52}},"5":{"start":{"line":6,"column":18},"end":{"line":6,"column":56}},"6":{"start":{"line":7,"column":0},"end":{"line":98,"column":1}},"7":{"start":{"line":9,"column":4},"end":{"line":13,"column":5}},"8":{"start":{"line":10,"column":8},"end":{"line":12,"column":11}},"9":{"start":{"line":14,"column":4},"end":{"line":18,"column":5}},"10":{"start":{"line":15,"column":8},"end":{"line":17,"column":11}},"11":{"start":{"line":21,"column":25},"end":{"line":27,"column":5}},"12":{"start":{"line":29,"column":4},"end":{"line":44,"column":5}},"13":{"start":{"line":30,"column":8},"end":{"line":33,"column":11}},"14":{"start":{"line":34,"column":8},"end":{"line":38,"column":13}},"15":{"start":{"line":35,"column":12},"end":{"line":35,"column":51}},"16":{"start":{"line":37,"column":16},"end":{"line":37,"column":56}},"17":{"start":{"line":40,"column":8},"end":{"line":40,"column":32}},"18":{"start":{"line":41,"column":8},"end":{"line":43,"column":11}},"19":{"start":{"line":45,"column":4},"end":{"line":49,"column":5}},"20":{"start":{"line":46,"column":8},"end":{"line":46,"column":36}},"21":{"start":{"line":48,"column":8},"end":{"line":48,"column":40}},"22":{"start":{"line":50,"column":4},"end":{"line":97,"column":5}},"23":{"start":{"line":51,"column":30},"end":{"line":51,"column":68}},"24":{"start":{"line":52,"column":8},"end":{"line":52,"column":31}},"25":{"start":{"line":54,"column":8},"end":{"line":90,"column":9}},"26":{"start":{"line":55,"column":13},"end":{"line":57,"column":15}},"27":{"start":{"line":59,"column":12},"end":{"line":66,"column":13}},"28":{"start":{"line":60,"column":16},"end":{"line":60,"column":64}},"29":{"start":{"line":61,"column":16},"end":{"line":61,"column":37}},"30":{"start":{"line":63,"column":16},"end":{"line":63,"column":62}},"31":{"start":{"line":64,"column":16},"end":{"line":64,"column":60}},"32":{"start":{"line":65,"column":16},"end":{"line":65,"column":37}},"33":{"start":{"line":67,"column":11},"end":{"line":76,"column":12}},"34":{"start":{"line":68,"column":12},"end":{"line":75,"column":13}},"35":{"start":{"line":69,"column":16},"end":{"line":69,"column":65}},"36":{"start":{"line":70,"column":16},"end":{"line":70,"column":59}},"37":{"start":{"line":71,"column":16},"end":{"line":71,"column":37}},"38":{"start":{"line":73,"column":16},"end":{"line":73,"column":63}},"39":{"start":{"line":74,"column":16},"end":{"line":74,"column":37}},"40":{"start":{"line":80,"column":10},"end":{"line":84,"column":23}},"41":{"start":{"line":85,"column":12},"end":{"line":89,"column":15}},"42":{"start":{"line":92,"column":8},"end":{"line":92,"column":24}},"43":{"start":{"line":93,"column":8},"end":{"line":96,"column":10}},"44":{"start":{"line":100,"column":0},"end":{"line":150,"column":1}},"45":{"start":{"line":101,"column":15},"end":{"line":101,"column":17}},"46":{"start":{"line":102,"column":15},"end":{"line":102,"column":17}},"47":{"start":{"line":103,"column":19},"end":{"line":103,"column":35}},"48":{"start":{"line":104,"column":4},"end":{"line":113,"column":5}},"49":{"start":{"line":105,"column":8},"end":{"line":112,"column":9}},"50":{"start":{"line":106,"column":12},"end":{"line":106,"column":55}},"51":{"start":{"line":108,"column":12},"end":{"line":111,"column":14}},"52":{"start":{"line":114,"column":4},"end":{"line":125,"column":5}},"53":{"start":{"line":115,"column":8},"end":{"line":117,"column":10}},"54":{"start":{"line":119,"column":8},"end":{"line":119,"column":32}},"55":{"start":{"line":120,"column":8},"end":{"line":123,"column":11}},"56":{"start":{"line":124,"column":8},"end":{"line":124,"column":15}},"57":{"start":{"line":126,"column":4},"end":{"line":128,"column":5}},"58":{"start":{"line":127,"column":8},"end":{"line":127,"column":35}},"59":{"start":{"line":129,"column":4},"end":{"line":131,"column":5}},"60":{"start":{"line":130,"column":8},"end":{"line":130,"column":35}},"61":{"start":{"line":132,"column":4},"end":{"line":149,"column":5}},"62":{"start":{"line":133,"column":30},"end":{"line":133,"column":58}},"63":{"start":{"line":134,"column":8},"end":{"line":141,"column":9}},"64":{"start":{"line":135,"column":12},"end":{"line":139,"column":15}},"65":{"start":{"line":140,"column":12},"end":{"line":140,"column":19}},"66":{"start":{"line":143,"column":8},"end":{"line":143,"column":32}},"67":{"start":{"line":144,"column":8},"end":{"line":147,"column":11}},"68":{"start":{"line":152,"column":0},"end":{"line":198,"column":1}},"69":{"start":{"line":153,"column":15},"end":{"line":153,"column":17}},"70":{"start":{"line":154,"column":15},"end":{"line":154,"column":17}},"71":{"start":{"line":155,"column":3},"end":{"line":157,"column":4}},"72":{"start":{"line":156,"column":4},"end":{"line":156,"column":27}},"73":{"start":{"line":158,"column":4},"end":{"line":169,"column":5}},"74":{"start":{"line":159,"column":8},"end":{"line":161,"column":10}},"75":{"start":{"line":163,"column":8},"end":{"line":163,"column":32}},"76":{"start":{"line":164,"column":8},"end":{"line":167,"column":11}},"77":{"start":{"line":168,"column":8},"end":{"line":168,"column":15}},"78":{"start":{"line":170,"column":4},"end":{"line":175,"column":5}},"79":{"start":{"line":171,"column":7},"end":{"line":174,"column":11}},"80":{"start":{"line":176,"column":4},"end":{"line":178,"column":5}},"81":{"start":{"line":177,"column":8},"end":{"line":177,"column":35}},"82":{"start":{"line":179,"column":4},"end":{"line":197,"column":5}},"83":{"start":{"line":180,"column":24},"end":{"line":180,"column":64}},"84":{"start":{"line":181,"column":8},"end":{"line":181,"column":28}},"85":{"start":{"line":182,"column":8},"end":{"line":189,"column":9}},"86":{"start":{"line":183,"column":12},"end":{"line":187,"column":14}},"87":{"start":{"line":188,"column":12},"end":{"line":188,"column":19}},"88":{"start":{"line":191,"column":8},"end":{"line":191,"column":32}},"89":{"start":{"line":192,"column":8},"end":{"line":195,"column":11}},"90":{"start":{"line":196,"column":8},"end":{"line":196,"column":15}},"91":{"start":{"line":200,"column":0},"end":{"line":243,"column":1}},"92":{"start":{"line":202,"column":4},"end":{"line":213,"column":5}},"93":{"start":{"line":203,"column":8},"end":{"line":212,"column":9}},"94":{"start":{"line":204,"column":12},"end":{"line":206,"column":15}},"95":{"start":{"line":208,"column":12},"end":{"line":211,"column":14}},"96":{"start":{"line":220,"column":4},"end":{"line":241,"column":5}},"97":{"start":{"line":221,"column":8},"end":{"line":235,"column":9}},"98":{"start":{"line":222,"column":31},"end":{"line":224,"column":14}},"99":{"start":{"line":225,"column":12},"end":{"line":229,"column":14}},"100":{"start":{"line":231,"column":12},"end":{"line":234,"column":14}},"101":{"start":{"line":237,"column":8},"end":{"line":240,"column":10}},"102":{"start":{"line":246,"column":0},"end":{"line":334,"column":1}},"103":{"start":{"line":248,"column":19},"end":{"line":248,"column":35}},"104":{"start":{"line":249,"column":21},"end":{"line":249,"column":32}},"105":{"start":{"line":250,"column":26},"end":{"line":250,"column":28}},"106":{"start":{"line":251,"column":17},"end":{"line":251,"column":19}},"107":{"start":{"line":253,"column":4},"end":{"line":285,"column":5}},"108":{"start":{"line":254,"column":20},"end":{"line":261,"column":21}},"109":{"start":{"line":255,"column":25},"end":{"line":255,"column":76}},"110":{"start":{"line":257,"column":24},"end":{"line":260,"column":26}},"111":{"start":{"line":263,"column":20},"end":{"line":270,"column":21}},"112":{"start":{"line":264,"column":25},"end":{"line":264,"column":76}},"113":{"start":{"line":266,"column":24},"end":{"line":269,"column":26}},"114":{"start":{"line":271,"column":20},"end":{"line":274,"column":21}},"115":{"start":{"line":272,"column":24},"end":{"line":272,"column":44}},"116":{"start":{"line":273,"column":24},"end":{"line":273,"column":51}},"117":{"start":{"line":275,"column":21},"end":{"line":278,"column":21}},"118":{"start":{"line":276,"column":24},"end":{"line":276,"column":44}},"119":{"start":{"line":277,"column":24},"end":{"line":277,"column":51}},"120":{"start":{"line":281,"column":8},"end":{"line":284,"column":10}},"121":{"start":{"line":286,"column":4},"end":{"line":300,"column":5}},"122":{"start":{"line":287,"column":8},"end":{"line":291,"column":10}},"123":{"start":{"line":288,"column":12},"end":{"line":290,"column":14}},"124":{"start":{"line":292,"column":8},"end":{"line":299,"column":9}},"125":{"start":{"line":293,"column":12},"end":{"line":293,"column":64}},"126":{"start":{"line":295,"column":12},"end":{"line":298,"column":14}},"127":{"start":{"line":301,"column":4},"end":{"line":310,"column":5}},"128":{"start":{"line":302,"column":8},"end":{"line":309,"column":9}},"129":{"start":{"line":303,"column":8},"end":{"line":303,"column":44}},"130":{"start":{"line":305,"column":12},"end":{"line":308,"column":14}},"131":{"start":{"line":311,"column":4},"end":{"line":320,"column":5}},"132":{"start":{"line":312,"column":8},"end":{"line":319,"column":9}},"133":{"start":{"line":313,"column":11},"end":{"line":313,"column":59}},"134":{"start":{"line":315,"column":12},"end":{"line":318,"column":14}},"135":{"start":{"line":321,"column":4},"end":{"line":333,"column":5}},"136":{"start":{"line":322,"column":24},"end":{"line":322,"column":78}},"137":{"start":{"line":323,"column":8},"end":{"line":327,"column":10}},"138":{"start":{"line":329,"column":8},"end":{"line":332,"column":10}}},"fnMap":{"0":{"name":"(anonymous_0)","decl":{"start":{"line":7,"column":23},"end":{"line":7,"column":24}},"loc":{"start":{"line":7,"column":43},"end":{"line":98,"column":1}},"line":7},"1":{"name":"(anonymous_1)","decl":{"start":{"line":100,"column":25},"end":{"line":100,"column":26}},"loc":{"start":{"line":100,"column":45},"end":{"line":150,"column":1}},"line":100},"2":{"name":"(anonymous_2)","decl":{"start":{"line":152,"column":23},"end":{"line":152,"column":24}},"loc":{"start":{"line":152,"column":43},"end":{"line":198,"column":1}},"line":152},"3":{"name":"(anonymous_3)","decl":{"start":{"line":200,"column":27},"end":{"line":200,"column":28}},"loc":{"start":{"line":200,"column":47},"end":{"line":243,"column":1}},"line":200},"4":{"name":"(anonymous_4)","decl":{"start":{"line":246,"column":23},"end":{"line":246,"column":24}},"loc":{"start":{"line":246,"column":43},"end":{"line":334,"column":1}},"line":246}},"branchMap":{"0":{"loc":{"start":{"line":9,"column":4},"end":{"line":13,"column":5}},"type":"if","locations":[{"start":{"line":9,"column":4},"end":{"line":13,"column":5}},{"start":{},"end":{}}],"line":9},"1":{"loc":{"start":{"line":14,"column":4},"end":{"line":18,"column":5}},"type":"if","locations":[{"start":{"line":14,"column":4},"end":{"line":18,"column":5}},{"start":{},"end":{}}],"line":14},"2":{"loc":{"start":{"line":34,"column":8},"end":{"line":38,"column":13}},"type":"if","locations":[{"start":{"line":34,"column":8},"end":{"line":38,"column":13}},{"start":{"line":36,"column":13},"end":{"line":38,"column":13}}],"line":34},"3":{"loc":{"start":{"line":45,"column":4},"end":{"line":49,"column":5}},"type":"if","locations":[{"start":{"line":45,"column":4},"end":{"line":49,"column":5}},{"start":{"line":47,"column":11},"end":{"line":49,"column":5}}],"line":45},"4":{"loc":{"start":{"line":54,"column":8},"end":{"line":90,"column":9}},"type":"if","locations":[{"start":{"line":54,"column":8},"end":{"line":90,"column":9}},{"start":{},"end":{}}],"line":54},"5":{"loc":{"start":{"line":59,"column":12},"end":{"line":66,"column":13}},"type":"if","locations":[{"start":{"line":59,"column":12},"end":{"line":66,"column":13}},{"start":{"line":62,"column":19},"end":{"line":66,"column":13}}],"line":59},"6":{"loc":{"start":{"line":67,"column":11},"end":{"line":76,"column":12}},"type":"if","locations":[{"start":{"line":67,"column":11},"end":{"line":76,"column":12}},{"start":{},"end":{}}],"line":67},"7":{"loc":{"start":{"line":68,"column":12},"end":{"line":75,"column":13}},"type":"if","locations":[{"start":{"line":68,"column":12},"end":{"line":75,"column":13}},{"start":{"line":72,"column":19},"end":{"line":75,"column":13}}],"line":68},"8":{"loc":{"start":{"line":104,"column":4},"end":{"line":113,"column":5}},"type":"if","locations":[{"start":{"line":104,"column":4},"end":{"line":113,"column":5}},{"start":{},"end":{}}],"line":104},"9":{"loc":{"start":{"line":105,"column":8},"end":{"line":112,"column":9}},"type":"if","locations":[{"start":{"line":105,"column":8},"end":{"line":112,"column":9}},{"start":{"line":107,"column":13},"end":{"line":112,"column":9}}],"line":105},"10":{"loc":{"start":{"line":126,"column":4},"end":{"line":128,"column":5}},"type":"if","locations":[{"start":{"line":126,"column":4},"end":{"line":128,"column":5}},{"start":{},"end":{}}],"line":126},"11":{"loc":{"start":{"line":129,"column":4},"end":{"line":131,"column":5}},"type":"if","locations":[{"start":{"line":129,"column":4},"end":{"line":131,"column":5}},{"start":{},"end":{}}],"line":129},"12":{"loc":{"start":{"line":134,"column":8},"end":{"line":141,"column":9}},"type":"if","locations":[{"start":{"line":134,"column":8},"end":{"line":141,"column":9}},{"start":{},"end":{}}],"line":134},"13":{"loc":{"start":{"line":155,"column":3},"end":{"line":157,"column":4}},"type":"if","locations":[{"start":{"line":155,"column":3},"end":{"line":157,"column":4}},{"start":{},"end":{}}],"line":155},"14":{"loc":{"start":{"line":170,"column":4},"end":{"line":175,"column":5}},"type":"if","locations":[{"start":{"line":170,"column":4},"end":{"line":175,"column":5}},{"start":{},"end":{}}],"line":170},"15":{"loc":{"start":{"line":176,"column":4},"end":{"line":178,"column":5}},"type":"if","locations":[{"start":{"line":176,"column":4},"end":{"line":178,"column":5}},{"start":{},"end":{}}],"line":176},"16":{"loc":{"start":{"line":182,"column":8},"end":{"line":189,"column":9}},"type":"if","locations":[{"start":{"line":182,"column":8},"end":{"line":189,"column":9}},{"start":{},"end":{}}],"line":182},"17":{"loc":{"start":{"line":202,"column":4},"end":{"line":213,"column":5}},"type":"if","locations":[{"start":{"line":202,"column":4},"end":{"line":213,"column":5}},{"start":{},"end":{}}],"line":202},"18":{"loc":{"start":{"line":220,"column":4},"end":{"line":241,"column":5}},"type":"if","locations":[{"start":{"line":220,"column":4},"end":{"line":241,"column":5}},{"start":{"line":236,"column":11},"end":{"line":241,"column":5}}],"line":220},"19":{"loc":{"start":{"line":253,"column":4},"end":{"line":285,"column":5}},"type":"if","locations":[{"start":{"line":253,"column":4},"end":{"line":285,"column":5}},{"start":{"line":280,"column":9},"end":{"line":285,"column":5}}],"line":253},"20":{"loc":{"start":{"line":271,"column":20},"end":{"line":274,"column":21}},"type":"if","locations":[{"start":{"line":271,"column":20},"end":{"line":274,"column":21}},{"start":{},"end":{}}],"line":271},"21":{"loc":{"start":{"line":275,"column":21},"end":{"line":278,"column":21}},"type":"if","locations":[{"start":{"line":275,"column":21},"end":{"line":278,"column":21}},{"start":{},"end":{}}],"line":275},"22":{"loc":{"start":{"line":286,"column":4},"end":{"line":300,"column":5}},"type":"if","locations":[{"start":{"line":286,"column":4},"end":{"line":300,"column":5}},{"start":{},"end":{}}],"line":286},"23":{"loc":{"start":{"line":287,"column":8},"end":{"line":291,"column":10}},"type":"if","locations":[{"start":{"line":287,"column":8},"end":{"line":291,"column":10}},{"start":{},"end":{}}],"line":287},"24":{"loc":{"start":{"line":292,"column":8},"end":{"line":299,"column":9}},"type":"if","locations":[{"start":{"line":292,"column":8},"end":{"line":299,"column":9}},{"start":{"line":294,"column":13},"end":{"line":299,"column":9}}],"line":292},"25":{"loc":{"start":{"line":301,"column":4},"end":{"line":310,"column":5}},"type":"if","locations":[{"start":{"line":301,"column":4},"end":{"line":310,"column":5}},{"start":{},"end":{}}],"line":301},"26":{"loc":{"start":{"line":302,"column":8},"end":{"line":309,"column":9}},"type":"if","locations":[{"start":{"line":302,"column":8},"end":{"line":309,"column":9}},{"start":{"line":304,"column":13},"end":{"line":309,"column":9}}],"line":302},"27":{"loc":{"start":{"line":311,"column":4},"end":{"line":320,"column":5}},"type":"if","locations":[{"start":{"line":311,"column":4},"end":{"line":320,"column":5}},{"start":{},"end":{}}],"line":311},"28":{"loc":{"start":{"line":312,"column":8},"end":{"line":319,"column":9}},"type":"if","locations":[{"start":{"line":312,"column":8},"end":{"line":319,"column":9}},{"start":{"line":314,"column":13},"end":{"line":319,"column":9}}],"line":312}},"s":{"0":4,"1":4,"2":4,"3":4,"4":4,"5":4,"6":4,"7":6,"8":1,"9":5,"10":1,"11":4,"12":4,"13":4,"14":3,"15":3,"16":0,"17":1,"18":1,"19":3,"20":3,"21":0,"22":3,"23":3,"24":3,"25":3,"26":3,"27":3,"28":2,"29":2,"30":1,"31":1,"32":0,"33":2,"34":2,"35":2,"36":2,"37":2,"38":0,"39":0,"40":2,"41":2,"42":1,"43":1,"44":4,"45":1,"46":1,"47":1,"48":1,"49":0,"50":0,"51":0,"52":1,"53":1,"54":0,"55":0,"56":0,"57":1,"58":0,"59":1,"60":1,"61":1,"62":1,"63":1,"64":1,"65":1,"66":0,"67":0,"68":4,"69":3,"70":3,"71":3,"72":3,"73":3,"74":3,"75":1,"76":1,"77":1,"78":2,"79":0,"80":2,"81":2,"82":2,"83":2,"84":1,"85":1,"86":1,"87":1,"88":1,"89":1,"90":1,"91":4,"92":2,"93":2,"94":2,"95":0,"96":2,"97":1,"98":1,"99":1,"100":0,"101":1,"102":4,"103":1,"104":1,"105":1,"106":1,"107":1,"108":1,"109":1,"110":0,"111":1,"112":1,"113":0,"114":1,"115":0,"116":0,"117":1,"118":1,"119":1,"120":0,"121":1,"122":1,"123":0,"124":1,"125":1,"126":0,"127":1,"128":0,"129":0,"130":0,"131":1,"132":1,"133":1,"134":0,"135":1,"136":1,"137":1,"138":0},"f":{"0":6,"1":1,"2":3,"3":2,"4":1},"b":{"0":[1,5],"1":[1,4],"2":[3,0],"3":[3,0],"4":[3,0],"5":[2,1],"6":[2,0],"7":[2,0],"8":[0,1],"9":[0,0],"10":[0,1],"11":[1,0],"12":[1,0],"13":[3,0],"14":[0,2],"15":[2,0],"16":[1,0],"17":[2,0],"18":[1,1],"19":[1,0],"20":[0,1],"21":[1,0],"22":[1,0],"23":[0,1],"24":[1,0],"25":[0,1],"26":[0,0],"27":[1,0],"28":[1,0]},"_coverageSchema":"1a1c01bbd47fc00a2c39e90264f33305004495a9","hash":"1da3697ea7097e7bd616ff5600c3fc4faea6fabe"}
,"C:\\Users\\Vishal Kumar\\Desktop\\CRM_APPLICATION\\middleware\\auth\\validation.js": {"path":"C:\\Users\\Vishal Kumar\\Desktop\\CRM_APPLICATION\\middleware\\auth\\validation.js","statementMap":{"0":{"start":{"line":1,"column":12},"end":{"line":1,"column":35}},"1":{"start":{"line":2,"column":15},"end":{"line":2,"column":50}},"2":{"start":{"line":3,"column":0},"end":{"line":25,"column":1}},"3":{"start":{"line":4,"column":4},"end":{"line":9,"column":5}},"4":{"start":{"line":5,"column":8},"end":{"line":8,"column":11}},"5":{"start":{"line":10,"column":18},"end":{"line":10,"column":60}},"6":{"start":{"line":11,"column":4},"end":{"line":15,"column":5}},"7":{"start":{"line":12,"column":8},"end":{"line":14,"column":11}},"8":{"start":{"line":16,"column":4},"end":{"line":24,"column":6}},"9":{"start":{"line":17,"column":8},"end":{"line":21,"column":9}},"10":{"start":{"line":18,"column":12},"end":{"line":20,"column":14}},"11":{"start":{"line":22,"column":8},"end":{"line":22,"column":36}},"12":{"start":{"line":23,"column":8},"end":{"line":23,"column":15}}},"fnMap":{"0":{"name":"(anonymous_0)","decl":{"start":{"line":3,"column":22},"end":{"line":3,"column":23}},"loc":{"start":{"line":3,"column":38},"end":{"line":25,"column":1}},"line":3},"1":{"name":"(anonymous_1)","decl":{"start":{"line":16,"column":35},"end":{"line":16,"column":36}},"loc":{"start":{"line":16,"column":50},"end":{"line":24,"column":5}},"line":16}},"branchMap":{"0":{"loc":{"start":{"line":4,"column":4},"end":{"line":9,"column":5}},"type":"if","locations":[{"start":{"line":4,"column":4},"end":{"line":9,"column":5}},{"start":{},"end":{}}],"line":4},"1":{"loc":{"start":{"line":11,"column":4},"end":{"line":15,"column":5}},"type":"if","locations":[{"start":{"line":11,"column":4},"end":{"line":15,"column":5}},{"start":{},"end":{}}],"line":11},"2":{"loc":{"start":{"line":17,"column":8},"end":{"line":21,"column":9}},"type":"if","locations":[{"start":{"line":17,"column":8},"end":{"line":21,"column":9}},{"start":{},"end":{}}],"line":17}},"s":{"0":1,"1":1,"2":1,"3":0,"4":0,"5":0,"6":0,"7":0,"8":0,"9":0,"10":0,"11":0,"12":0},"f":{"0":0,"1":0},"b":{"0":[0,0],"1":[0,0],"2":[0,0]},"_coverageSchema":"1a1c01bbd47fc00a2c39e90264f33305004495a9","hash":"edf9bb89296ae87e105e0703cf9e9a8083a7c254"}
,"C:\\Users\\Vishal Kumar\\Desktop\\CRM_APPLICATION\\objectConverter\\ticketCanverter.js": {"path":"C:\\Users\\Vishal Kumar\\Desktop\\CRM_APPLICATION\\objectConverter\\ticketCanverter.js","statementMap":{"0":{"start":{"line":1,"column":0},"end":{"line":10,"column":1}},"1":{"start":{"line":2,"column":6},"end":{"line":9,"column":7}}},"fnMap":{"0":{"name":"(anonymous_0)","decl":{"start":{"line":1,"column":26},"end":{"line":1,"column":27}},"loc":{"start":{"line":1,"column":36},"end":{"line":10,"column":1}},"line":1}},"branchMap":{},"s":{"0":4,"1":0},"f":{"0":0},"b":{},"_coverageSchema":"1a1c01bbd47fc00a2c39e90264f33305004495a9","hash":"cf9e5658f39aaf0b9eedcc661c6b5bc50e729f27"}
,"C:\\Users\\Vishal Kumar\\Desktop\\CRM_APPLICATION\\objectConverter\\userObjectConverter.js": {"path":"C:\\Users\\Vishal Kumar\\Desktop\\CRM_APPLICATION\\objectConverter\\userObjectConverter.js","statementMap":{"0":{"start":{"line":1,"column":0},"end":{"line":11,"column":1}},"1":{"start":{"line":2,"column":17},"end":{"line":9,"column":5}},"2":{"start":{"line":10,"column":0},"end":{"line":10,"column":12}},"3":{"start":{"line":12,"column":0},"end":{"line":26,"column":1}},"4":{"start":{"line":13,"column":17},"end":{"line":13,"column":19}},"5":{"start":{"line":14,"column":4},"end":{"line":24,"column":7}},"6":{"start":{"line":15,"column":8},"end":{"line":23,"column":10}},"7":{"start":{"line":25,"column":4},"end":{"line":25,"column":16}}},"fnMap":{"0":{"name":"(anonymous_0)","decl":{"start":{"line":1,"column":27},"end":{"line":1,"column":28}},"loc":{"start":{"line":1,"column":38},"end":{"line":11,"column":1}},"line":1},"1":{"name":"(anonymous_1)","decl":{"start":{"line":12,"column":25},"end":{"line":12,"column":26}},"loc":{"start":{"line":12,"column":33},"end":{"line":26,"column":1}},"line":12},"2":{"name":"(anonymous_2)","decl":{"start":{"line":14,"column":17},"end":{"line":14,"column":18}},"loc":{"start":{"line":14,"column":22},"end":{"line":24,"column":5}},"line":14}},"branchMap":{},"s":{"0":5,"1":1,"2":1,"3":5,"4":1,"5":1,"6":1,"7":1},"f":{"0":1,"1":1,"2":1},"b":{},"_coverageSchema":"1a1c01bbd47fc00a2c39e90264f33305004495a9","hash":"d15b740677670637711c8b25af1a3f0a28654b95"}
,"C:\\Users\\Vishal Kumar\\Desktop\\CRM_APPLICATION\\routes\\api\\index.js": {"path":"C:\\Users\\Vishal Kumar\\Desktop\\CRM_APPLICATION\\routes\\api\\index.js","statementMap":{"0":{"start":{"line":1,"column":16},"end":{"line":1,"column":34}},"1":{"start":{"line":2,"column":13},"end":{"line":2,"column":29}},"2":{"start":{"line":3,"column":17},"end":{"line":3,"column":43}},"3":{"start":{"line":4,"column":0},"end":{"line":4,"column":27}},"4":{"start":{"line":5,"column":0},"end":{"line":5,"column":24}}},"fnMap":{},"branchMap":{},"s":{"0":1,"1":1,"2":1,"3":1,"4":1},"f":{},"b":{},"_coverageSchema":"1a1c01bbd47fc00a2c39e90264f33305004495a9","hash":"dab11953284e5840c43f2fb1104ff8115e580dfc"}
,"C:\\Users\\Vishal Kumar\\Desktop\\CRM_APPLICATION\\routes\\api\\v1\\index.js": {"path":"C:\\Users\\Vishal Kumar\\Desktop\\CRM_APPLICATION\\routes\\api\\v1\\index.js","statementMap":{"0":{"start":{"line":1,"column":16},"end":{"line":1,"column":34}},"1":{"start":{"line":2,"column":23},"end":{"line":2,"column":70}},"2":{"start":{"line":3,"column":25},"end":{"line":3,"column":74}},"3":{"start":{"line":4,"column":20},"end":{"line":4,"column":66}},"4":{"start":{"line":5,"column":31},"end":{"line":5,"column":86}},"5":{"start":{"line":6,"column":15},"end":{"line":6,"column":31}},"6":{"start":{"line":8,"column":0},"end":{"line":8,"column":49}},"7":{"start":{"line":9,"column":0},"end":{"line":9,"column":49}},"8":{"start":{"line":11,"column":0},"end":{"line":11,"column":76}},"9":{"start":{"line":12,"column":0},"end":{"line":12,"column":77}},"10":{"start":{"line":14,"column":0},"end":{"line":14,"column":85}},"11":{"start":{"line":15,"column":0},"end":{"line":15,"column":87}},"12":{"start":{"line":16,"column":0},"end":{"line":16,"column":83}},"13":{"start":{"line":17,"column":0},"end":{"line":17,"column":85}},"14":{"start":{"line":18,"column":0},"end":{"line":18,"column":84}},"15":{"start":{"line":20,"column":0},"end":{"line":20,"column":74}},"16":{"start":{"line":21,"column":0},"end":{"line":21,"column":76}},"17":{"start":{"line":22,"column":0},"end":{"line":22,"column":23}}},"fnMap":{},"branchMap":{},"s":{"0":1,"1":1,"2":1,"3":1,"4":1,"5":1,"6":1,"7":1,"8":1,"9":1,"10":1,"11":1,"12":1,"13":1,"14":1,"15":1,"16":1,"17":1},"f":{},"b":{},"_coverageSchema":"1a1c01bbd47fc00a2c39e90264f33305004495a9","hash":"2c30d857bb784e320a7a532494a9cf5ae304df20"}
,"C:\\Users\\Vishal Kumar\\Desktop\\CRM_APPLICATION\\test\\db.js": {"path":"C:\\Users\\Vishal Kumar\\Desktop\\CRM_APPLICATION\\test\\db.js","statementMap":{"0":{"start":{"line":1,"column":30},"end":{"line":1,"column":62}},"1":{"start":{"line":2,"column":17},"end":{"line":2,"column":36}},"2":{"start":{"line":4,"column":0},"end":{"line":11,"column":1}},"3":{"start":{"line":5,"column":4},"end":{"line":9,"column":5}},"4":{"start":{"line":6,"column":8},"end":{"line":6,"column":49}},"5":{"start":{"line":7,"column":20},"end":{"line":7,"column":35}},"6":{"start":{"line":8,"column":7},"end":{"line":8,"column":35}},"7":{"start":{"line":13,"column":0},"end":{"line":19,"column":1}},"8":{"start":{"line":14,"column":24},"end":{"line":14,"column":55}},"9":{"start":{"line":15,"column":4},"end":{"line":18,"column":5}},"10":{"start":{"line":16,"column":27},"end":{"line":16,"column":43}},"11":{"start":{"line":17,"column":8},"end":{"line":17,"column":37}},"12":{"start":{"line":21,"column":0},"end":{"line":27,"column":1}},"13":{"start":{"line":22,"column":4},"end":{"line":22,"column":45}},"14":{"start":{"line":23,"column":4},"end":{"line":23,"column":38}},"15":{"start":{"line":24,"column":4},"end":{"line":26,"column":5}},"16":{"start":{"line":25,"column":8},"end":{"line":25,"column":27}}},"fnMap":{"0":{"name":"(anonymous_0)","decl":{"start":{"line":4,"column":18},"end":{"line":4,"column":19}},"loc":{"start":{"line":4,"column":28},"end":{"line":11,"column":1}},"line":4},"1":{"name":"(anonymous_1)","decl":{"start":{"line":13,"column":24},"end":{"line":13,"column":25}},"loc":{"start":{"line":13,"column":34},"end":{"line":19,"column":1}},"line":13},"2":{"name":"(anonymous_2)","decl":{"start":{"line":21,"column":24},"end":{"line":21,"column":25}},"loc":{"start":{"line":21,"column":34},"end":{"line":27,"column":1}},"line":21}},"branchMap":{"0":{"loc":{"start":{"line":5,"column":4},"end":{"line":9,"column":5}},"type":"if","locations":[{"start":{"line":5,"column":4},"end":{"line":9,"column":5}},{"start":{},"end":{}}],"line":5},"1":{"loc":{"start":{"line":24,"column":4},"end":{"line":26,"column":5}},"type":"if","locations":[{"start":{"line":24,"column":4},"end":{"line":26,"column":5}},{"start":{},"end":{}}],"line":24}},"s":{"0":7,"1":7,"2":7,"3":5,"4":5,"5":5,"6":5,"7":7,"8":22,"9":22,"10":35,"11":35,"12":7,"13":6,"14":6,"15":6,"16":5},"f":{"0":5,"1":22,"2":6},"b":{"0":[5,0],"1":[5,1]},"_coverageSchema":"1a1c01bbd47fc00a2c39e90264f33305004495a9","hash":"203c5db940961aebdd995ded6215e73c684183fc"}
,"C:\\Users\\Vishal Kumar\\Desktop\\CRM_APPLICATION\\test\\interceptor.js": {"path":"C:\\Users\\Vishal Kumar\\Desktop\\CRM_APPLICATION\\test\\interceptor.js","statementMap":{"0":{"start":{"line":1,"column":0},"end":{"line":7,"column":1}},"1":{"start":{"line":2,"column":16},"end":{"line":2,"column":18}},"2":{"start":{"line":3,"column":4},"end":{"line":3,"column":46}},"3":{"start":{"line":4,"column":4},"end":{"line":4,"column":48}},"4":{"start":{"line":5,"column":4},"end":{"line":5,"column":47}},"5":{"start":{"line":6,"column":4},"end":{"line":6,"column":15}},"6":{"start":{"line":9,"column":0},"end":{"line":15,"column":1}},"7":{"start":{"line":10,"column":16},"end":{"line":10,"column":18}},"8":{"start":{"line":11,"column":4},"end":{"line":11,"column":46}},"9":{"start":{"line":12,"column":4},"end":{"line":12,"column":48}},"10":{"start":{"line":13,"column":4},"end":{"line":13,"column":45}},"11":{"start":{"line":14,"column":4},"end":{"line":14,"column":16}}},"fnMap":{"0":{"name":"(anonymous_0)","decl":{"start":{"line":1,"column":25},"end":{"line":1,"column":26}},"loc":{"start":{"line":1,"column":29},"end":{"line":7,"column":1}},"line":1},"1":{"name":"(anonymous_1)","decl":{"start":{"line":9,"column":25},"end":{"line":9,"column":26}},"loc":{"start":{"line":9,"column":29},"end":{"line":15,"column":1}},"line":9}},"branchMap":{},"s":{"0":6,"1":26,"2":26,"3":26,"4":26,"5":26,"6":6,"7":26,"8":26,"9":26,"10":26,"11":26},"f":{"0":26,"1":26},"b":{},"_coverageSchema":"1a1c01bbd47fc00a2c39e90264f33305004495a9","hash":"d46f1fa585fef7c9847765a7c4477cf42871d60e"}
,"C:\\Users\\Vishal Kumar\\Desktop\\CRM_APPLICATION\\utils\\notificationClient.js": {"path":"C:\\Users\\Vishal Kumar\\Desktop\\CRM_APPLICATION\\utils\\notificationClient.js","statementMap":{"0":{"start":{"line":1,"column":15},"end":{"line":1,"column":49}},"1":{"start":{"line":2,"column":15},"end":{"line":2,"column":27}},"2":{"start":{"line":3,"column":0},"end":{"line":28,"column":1}},"3":{"start":{"line":4,"column":24},"end":{"line":10,"column":5}},"4":{"start":{"line":11,"column":22},"end":{"line":13,"column":5}},"5":{"start":{"line":14,"column":17},"end":{"line":17,"column":5}},"6":{"start":{"line":18,"column":4},"end":{"line":27,"column":5}},"7":{"start":{"line":19,"column":8},"end":{"line":24,"column":10}},"8":{"start":{"line":20,"column":22},"end":{"line":22,"column":23}},"9":{"start":{"line":21,"column":24},"end":{"line":21,"column":48}},"10":{"start":{"line":23,"column":22},"end":{"line":23,"column":59}},"11":{"start":{"line":26,"column":8},"end":{"line":26,"column":31}}},"fnMap":{"0":{"name":"(anonymous_0)","decl":{"start":{"line":3,"column":17},"end":{"line":3,"column":18}},"loc":{"start":{"line":3,"column":63},"end":{"line":28,"column":1}},"line":3},"1":{"name":"(anonymous_1)","decl":{"start":{"line":19,"column":59},"end":{"line":19,"column":60}},"loc":{"start":{"line":19,"column":71},"end":{"line":24,"column":9}},"line":19}},"branchMap":{"0":{"loc":{"start":{"line":20,"column":22},"end":{"line":22,"column":23}},"type":"if","locations":[{"start":{"line":20,"column":22},"end":{"line":22,"column":23}},{"start":{},"end":{}}],"line":20}},"s":{"0":4,"1":4,"2":4,"3":2,"4":2,"5":2,"6":2,"7":2,"8":0,"9":0,"10":0,"11":2},"f":{"0":2,"1":0},"b":{"0":[0,0]},"_coverageSchema":"1a1c01bbd47fc00a2c39e90264f33305004495a9","hash":"004835a1e0e6dd7cd47b4bec5699e0b11b597b56"}
}
