TN:
SF:index.js
FN:8,(anonymous_0)
FNF:1
FNH:0
FNDA:0,(anonymous_0)
DA:1,1
DA:2,1
DA:3,1
DA:4,1
DA:5,1
DA:6,1
DA:7,1
DA:8,1
DA:9,0
DA:11,1
DA:12,1
LF:11
LH:10
BRF:0
BRH:0
end_of_record
TN:
SF:server.js
FN:22,(anonymous_0)
FN:25,(anonymous_1)
FN:28,(anonymous_2)
FNF:3
FNH:2
FNDA:0,(anonymous_0)
FNDA:1,(anonymous_1)
FNDA:1,(anonymous_2)
DA:1,1
DA:2,1
DA:3,1
DA:4,1
DA:5,1
DA:20,1
DA:21,1
DA:22,1
DA:23,0
DA:25,1
DA:26,1
DA:28,1
DA:29,1
LF:13
LH:12
BRF:0
BRH:0
end_of_record
TN:
SF:Models\notification.model.js
FN:26,(anonymous_0)
FN:32,(anonymous_1)
FNF:2
FNH:0
FNDA:0,(anonymous_0)
FNDA:0,(anonymous_1)
DA:1,1
DA:2,1
DA:27,0
DA:33,0
DA:42,1
LF:5
LH:3
BRF:0
BRH:0
end_of_record
TN:
SF:Models\ticket.model.js
FN:27,(anonymous_0)
FN:33,(anonymous_1)
FNF:2
FNH:1
FNDA:0,(anonymous_0)
FNDA:3,(anonymous_1)
DA:1,4
DA:2,4
DA:28,0
DA:34,3
DA:39,4
DA:40,4
LF:6
LH:5
BRF:0
BRH:0
end_of_record
TN:
SF:Models\user.model.js
FN:26,(anonymous_0)
FN:32,(anonymous_1)
FNF:2
FNH:2
FNDA:3,(anonymous_0)
FNDA:3,(anonymous_1)
DA:1,7
DA:2,7
DA:27,3
DA:33,3
DA:57,7
DA:58,7
LF:6
LH:6
BRF:0
BRH:0
end_of_record
TN:
SF:config\auth.config.js
FNF:0
FNH:0
DA:1,4
LF:1
LH:1
BRF:0
BRH:0
end_of_record
TN:
SF:config\db.config.js
FNF:0
FNH:0
DA:1,1
LF:1
LH:1
BRDA:3,0,0,1
BRDA:3,0,1,0
BRF:2
BRH:1
end_of_record
TN:
SF:config\server.config.js
FNF:0
FNH:0
DA:1,1
DA:2,1
DA:4,1
LF:3
LH:3
BRDA:1,0,0,1
BRDA:1,0,1,0
BRF:2
BRH:1
end_of_record
TN:
SF:constant\constant.js
FNF:0
FNH:0
DA:1,7
DA:9,7
DA:17,7
DA:27,7
LF:4
LH:4
BRF:0
BRH:0
end_of_record
TN:
SF:controllers\auth.controller.js
FN:7,(anonymous_0)
FN:48,(anonymous_1)
FN:91,(anonymous_2)
FN:106,(anonymous_3)
FNF:4
FNH:4
FNDA:4,(anonymous_0)
FNDA:5,(anonymous_1)
FNDA:2,(anonymous_2)
FNDA:4,(anonymous_3)
DA:1,4
DA:2,4
DA:3,4
DA:4,4
DA:5,4
DA:6,4
DA:7,4
DA:8,4
DA:10,4
DA:11,4
DA:12,3
DA:14,1
DA:16,4
DA:24,4
DA:25,4
DA:26,3
DA:35,3
DA:40,1
DA:41,1
DA:48,4
DA:50,5
DA:51,5
DA:52,5
DA:53,5
DA:54,5
DA:57,4
DA:59,4
DA:60,1
DA:65,3
DA:66,1
DA:71,2
DA:74,2
DA:83,1
DA:84,1
DA:91,4
DA:92,2
DA:93,2
DA:94,1
DA:96,1
DA:97,1
DA:101,1
DA:106,4
DA:107,4
DA:108,4
DA:109,3
DA:110,1
DA:112,3
DA:113,1
DA:115,3
DA:116,1
DA:121,2
DA:122,2
DA:129,1
DA:130,1
LF:54
LH:54
BRDA:11,0,0,3
BRDA:11,0,1,1
BRDA:59,1,0,1
BRDA:59,1,1,3
BRDA:65,2,0,1
BRDA:65,2,1,2
BRDA:109,3,0,1
BRDA:109,3,1,2
BRDA:112,4,0,1
BRDA:112,4,1,2
BRDA:115,5,0,1
BRDA:115,5,1,2
BRDA:115,6,0,3
BRDA:115,6,1,2
BRF:14
BRH:14
end_of_record
TN:
SF:controllers\notification.controller.js
FN:2,(anonymous_0)
FN:27,(anonymous_1)
FNF:2
FNH:0
FNDA:0,(anonymous_0)
FNDA:0,(anonymous_1)
DA:1,1
DA:2,1
DA:4,0
DA:12,0
DA:13,0
DA:14,0
DA:20,0
DA:27,1
DA:28,0
DA:29,0
DA:30,0
DA:33,0
DA:37,0
LF:13
LH:3
BRF:0
BRH:0
end_of_record
TN:
SF:controllers\ticket.controller.js
FN:7,(anonymous_0)
FN:100,(anonymous_1)
FN:152,(anonymous_2)
FN:200,(anonymous_3)
FN:246,(anonymous_4)
FNF:5
FNH:5
FNDA:6,(anonymous_0)
FNDA:1,(anonymous_1)
FNDA:3,(anonymous_2)
FNDA:2,(anonymous_3)
FNDA:1,(anonymous_4)
DA:1,4
DA:2,4
DA:3,4
DA:4,4
DA:5,4
DA:6,4
DA:7,4
DA:9,6
DA:10,1
DA:14,5
DA:15,1
DA:21,4
DA:29,4
DA:30,4
DA:34,3
DA:35,3
DA:37,0
DA:40,1
DA:41,1
DA:45,3
DA:46,3
DA:48,0
DA:50,3
DA:51,3
DA:52,3
DA:54,3
DA:55,3
DA:59,3
DA:60,2
DA:61,2
DA:63,1
DA:64,1
DA:65,0
DA:67,2
DA:68,2
DA:69,2
DA:70,2
DA:71,2
DA:73,0
DA:74,0
DA:80,2
DA:85,2
DA:92,1
DA:93,1
DA:100,4
DA:101,1
DA:102,1
DA:103,1
DA:104,1
DA:105,0
DA:106,0
DA:108,0
DA:114,1
DA:115,1
DA:119,0
DA:120,0
DA:124,0
DA:126,1
DA:127,0
DA:129,1
DA:130,1
DA:132,1
DA:133,1
DA:134,1
DA:135,1
DA:140,1
DA:143,0
DA:144,0
DA:152,4
DA:153,3
DA:154,3
DA:155,3
DA:156,3
DA:158,3
DA:159,3
DA:163,1
DA:164,1
DA:168,1
DA:170,2
DA:171,0
DA:176,2
DA:177,2
DA:179,2
DA:180,2
DA:181,1
DA:182,1
DA:183,1
DA:188,1
DA:191,1
DA:192,1
DA:196,1
DA:200,4
DA:202,2
DA:203,2
DA:204,2
DA:208,0
DA:220,2
DA:221,1
DA:222,1
DA:225,1
DA:231,0
DA:237,1
DA:246,4
DA:248,1
DA:249,1
DA:250,1
DA:251,1
DA:253,1
DA:254,1
DA:255,1
DA:257,0
DA:263,1
DA:264,1
DA:266,0
DA:271,1
DA:272,0
DA:273,0
DA:275,1
DA:276,1
DA:277,1
DA:281,0
DA:286,1
DA:287,1
DA:288,0
DA:292,1
DA:293,1
DA:295,0
DA:301,1
DA:302,0
DA:303,0
DA:305,0
DA:311,1
DA:312,1
DA:313,1
DA:315,0
DA:321,1
DA:322,1
DA:323,1
DA:329,0
LF:139
LH:110
BRDA:9,0,0,1
BRDA:9,0,1,5
BRDA:14,1,0,1
BRDA:14,1,1,4
BRDA:34,2,0,3
BRDA:34,2,1,0
BRDA:45,3,0,3
BRDA:45,3,1,0
BRDA:54,4,0,3
BRDA:54,4,1,0
BRDA:59,5,0,2
BRDA:59,5,1,1
BRDA:67,6,0,2
BRDA:67,6,1,0
BRDA:68,7,0,2
BRDA:68,7,1,0
BRDA:104,8,0,0
BRDA:104,8,1,1
BRDA:105,9,0,0
BRDA:105,9,1,0
BRDA:126,10,0,0
BRDA:126,10,1,1
BRDA:129,11,0,1
BRDA:129,11,1,0
BRDA:134,12,0,1
BRDA:134,12,1,0
BRDA:155,13,0,3
BRDA:155,13,1,0
BRDA:170,14,0,0
BRDA:170,14,1,2
BRDA:176,15,0,2
BRDA:176,15,1,0
BRDA:182,16,0,1
BRDA:182,16,1,0
BRDA:202,17,0,2
BRDA:202,17,1,0
BRDA:220,18,0,1
BRDA:220,18,1,1
BRDA:253,19,0,1
BRDA:253,19,1,0
BRDA:271,20,0,0
BRDA:271,20,1,1
BRDA:275,21,0,1
BRDA:275,21,1,0
BRDA:286,22,0,1
BRDA:286,22,1,0
BRDA:287,23,0,0
BRDA:287,23,1,1
BRDA:292,24,0,1
BRDA:292,24,1,0
BRDA:301,25,0,0
BRDA:301,25,1,1
BRDA:302,26,0,0
BRDA:302,26,1,0
BRDA:311,27,0,1
BRDA:311,27,1,0
BRDA:312,28,0,1
BRDA:312,28,1,0
BRF:58
BRH:31
end_of_record
TN:
SF:middleware\auth\validation.js
FN:3,(anonymous_0)
FN:16,(anonymous_1)
FNF:2
FNH:0
FNDA:0,(anonymous_0)
FNDA:0,(anonymous_1)
DA:1,1
DA:2,1
DA:3,1
DA:4,0
DA:5,0
DA:10,0
DA:11,0
DA:12,0
DA:16,0
DA:17,0
DA:18,0
DA:22,0
DA:23,0
LF:13
LH:3
BRDA:4,0,0,0
BRDA:4,0,1,0
BRDA:11,1,0,0
BRDA:11,1,1,0
BRDA:17,2,0,0
BRDA:17,2,1,0
BRF:6
BRH:0
end_of_record
TN:
SF:objectConverter\ticketCanverter.js
FN:1,(anonymous_0)
FNF:1
FNH:0
FNDA:0,(anonymous_0)
DA:1,4
DA:2,0
LF:2
LH:1
BRF:0
BRH:0
end_of_record
TN:
SF:objectConverter\userObjectConverter.js
FN:1,(anonymous_0)
FN:12,(anonymous_1)
FN:14,(anonymous_2)
FNF:3
FNH:3
FNDA:1,(anonymous_0)
FNDA:1,(anonymous_1)
FNDA:1,(anonymous_2)
DA:1,5
DA:2,1
DA:10,1
DA:12,5
DA:13,1
DA:14,1
DA:15,1
DA:25,1
LF:8
LH:8
BRF:0
BRH:0
end_of_record
TN:
SF:routes\api\index.js
FNF:0
FNH:0
DA:1,1
DA:2,1
DA:3,1
DA:4,1
DA:5,1
LF:5
LH:5
BRF:0
BRH:0
end_of_record
TN:
SF:routes\api\v1\index.js
FNF:0
FNH:0
DA:1,1
DA:2,1
DA:3,1
DA:4,1
DA:5,1
DA:6,1
DA:8,1
DA:9,1
DA:11,1
DA:12,1
DA:14,1
DA:15,1
DA:16,1
DA:17,1
DA:18,1
DA:20,1
DA:21,1
DA:22,1
LF:18
LH:18
BRF:0
BRH:0
end_of_record
TN:
SF:test\db.js
FN:4,(anonymous_0)
FN:13,(anonymous_1)
FN:21,(anonymous_2)
FNF:3
FNH:3
FNDA:5,(anonymous_0)
FNDA:22,(anonymous_1)
FNDA:6,(anonymous_2)
DA:1,7
DA:2,7
DA:4,7
DA:5,5
DA:6,5
DA:7,5
DA:8,5
DA:13,7
DA:14,22
DA:15,22
DA:16,35
DA:17,35
DA:21,7
DA:22,6
DA:23,6
DA:24,6
DA:25,5
LF:17
LH:17
BRDA:5,0,0,5
BRDA:5,0,1,0
BRDA:24,1,0,5
BRDA:24,1,1,1
BRF:4
BRH:3
end_of_record
TN:
SF:test\interceptor.js
FN:1,(anonymous_0)
FN:9,(anonymous_1)
FNF:2
FNH:2
FNDA:26,(anonymous_0)
FNDA:26,(anonymous_1)
DA:1,6
DA:2,26
DA:3,26
DA:4,26
DA:5,26
DA:6,26
DA:9,6
DA:10,26
DA:11,26
DA:12,26
DA:13,26
DA:14,26
LF:12
LH:12
BRF:0
BRH:0
end_of_record
TN:
SF:utils\notificationClient.js
FN:3,(anonymous_0)
FN:19,(anonymous_1)
FNF:2
FNH:1
FNDA:2,(anonymous_0)
FNDA:0,(anonymous_1)
DA:1,4
DA:2,4
DA:3,4
DA:4,2
DA:11,2
DA:14,2
DA:18,2
DA:19,2
DA:20,0
DA:21,0
DA:23,0
DA:26,2
LF:12
LH:9
BRDA:20,0,0,0
BRDA:20,0,1,0
BRF:2
BRH:0
end_of_record
